app/build/intermediates/manifest_merge_blame_file/debug/manifest-merger-blame-debug-report.txt
1<?xml version="1.0" encoding="utf-8"?>
2<manifest xmlns:android="http://schemas.android.com/apk/res/android"
3    package="com.example.kallz2u"
4    android:versionCode="1"
5    android:versionName="1.0" >
6
7    <uses-sdk
8        android:minSdkVersion="21"
8-->src\main\AndroidManifest.xml
9        android:targetSdkVersion="32" />
9-->src\main\AndroidManifest.xml
10
11    <uses-permission android:name="android.permission.READ_EXTERNAL_STORAGE" />
11-->src\main\AndroidManifest.xml:6:5-79
11-->src\main\AndroidManifest.xml:6:22-77
12    <uses-permission android:name="android.permission.READ_EXTERNAL_STORAGE" />
12-->src\main\AndroidManifest.xml:6:5-79
12-->src\main\AndroidManifest.xml:6:22-77
13    <uses-permission android:name="android.permission.CAMERA" />
13-->src\main\AndroidManifest.xml:8:5-65
13-->src\main\AndroidManifest.xml:8:22-62
14    <uses-permission android:name="android.permission.INTERNET" />
14-->src\main\AndroidManifest.xml:9:5-67
14-->src\main\AndroidManifest.xml:9:22-64
15    <uses-permission android:name="android.permission.WRITE_EXTERNAL_STORAGE" />
15-->[com.zhihu.android:matisse:0.5.3-beta3] AndroidManifest.xml:24:5-81
15-->[com.zhihu.android:matisse:0.5.3-beta3] AndroidManifest.xml:24:22-78
16    <uses-permission android:name="android.permission.ACCESS_NETWORK_STATE" />
16-->[com.google.firebase:firebase-auth:21.0.8] AndroidManifest.xml:24:5-79
16-->[com.google.firebase:firebase-auth:21.0.8] AndroidManifest.xml:24:22-76
17    <uses-permission android:name="android.permission.POST_NOTIFICATIONS" />
17-->[com.google.firebase:firebase-messaging:23.0.8] AndroidManifest.xml:26:5-77
17-->[com.google.firebase:firebase-messaging:23.0.8] AndroidManifest.xml:26:22-74
18    <uses-permission android:name="android.permission.WAKE_LOCK" /> <!-- Required by older versions of Google Play services to create IID tokens -->
18-->[com.google.firebase:firebase-messaging:23.0.8] AndroidManifest.xml:27:5-68
18-->[com.google.firebase:firebase-messaging:23.0.8] AndroidManifest.xml:27:22-65
19    <uses-permission android:name="com.google.android.c2dm.permission.RECEIVE" />
19-->[com.google.firebase:firebase-messaging:23.0.8] AndroidManifest.xml:29:5-82
19-->[com.google.firebase:firebase-messaging:23.0.8] AndroidManifest.xml:29:22-79
20
21    <application
21-->src\main\AndroidManifest.xml:11:5-69:19
22        android:allowBackup="true"
22-->src\main\AndroidManifest.xml:12:9-35
23        android:appComponentFactory="androidx.core.app.CoreComponentFactory"
23-->[androidx.core:core:1.5.0] AndroidManifest.xml:24:18-86
24        android:dataExtractionRules="@xml/data_extraction_rules"
24-->src\main\AndroidManifest.xml:13:9-65
25        android:debuggable="true"
26        android:fullBackupContent="@xml/backup_rules"
26-->src\main\AndroidManifest.xml:14:9-54
27        android:icon="@mipmap/ic_launcher"
27-->src\main\AndroidManifest.xml:15:9-43
28        android:label="@string/app_name"
28-->src\main\AndroidManifest.xml:16:9-41
29        android:networkSecurityConfig="@xml/network_security_policy"
29-->src\main\AndroidManifest.xml:19:9-69
30        android:requestLegacyExternalStorage="true"
30-->src\main\AndroidManifest.xml:21:9-52
31        android:roundIcon="@mipmap/ic_launcher_round"
31-->src\main\AndroidManifest.xml:17:9-54
32        android:supportsRtl="true"
32-->src\main\AndroidManifest.xml:18:9-35
33        android:testOnly="true"
34        android:theme="@style/Theme.Help_Me"
34-->src\main\AndroidManifest.xml:22:9-45
35        android:usesCleartextTraffic="true" >
35-->src\main\AndroidManifest.xml:20:9-44
36
37        <!-- <activity -->
38        <!-- android:name=".activites.DashBoardActivity" -->
39        <!-- android:exported="false"> -->
40        <!-- </activity> -->
41        <activity android:name="com.example.kallz2u.activites.AddNewGroupActivity" />
41-->src\main\AndroidManifest.xml:28:9-66
41-->src\main\AndroidManifest.xml:28:19-64
42        <activity android:name="com.example.kallz2u.activites.FourthActivity" />
42-->src\main\AndroidManifest.xml:29:9-61
42-->src\main\AndroidManifest.xml:29:19-59
43        <activity android:name="com.example.kallz2u.activites.GardeningActivity" />
43-->src\main\AndroidManifest.xml:30:9-64
43-->src\main\AndroidManifest.xml:30:19-62
44        <activity android:name="com.example.kallz2u.activites.CarBreakdownActivity" />
44-->src\main\AndroidManifest.xml:31:9-67
44-->src\main\AndroidManifest.xml:31:19-65
45        <activity android:name="com.example.kallz2u.activites.ChildMindingActivity" />
45-->src\main\AndroidManifest.xml:32:9-67
45-->src\main\AndroidManifest.xml:32:19-65
46        <activity android:name="com.example.kallz2u.activites.ChatActivity" />
46-->src\main\AndroidManifest.xml:33:9-59
46-->src\main\AndroidManifest.xml:33:19-57
47        <activity android:name="com.example.kallz2u.activites.DoctorActivity" />
47-->src\main\AndroidManifest.xml:34:9-61
47-->src\main\AndroidManifest.xml:34:19-59
48        <activity android:name="com.example.kallz2u.activites.WalkthedogActivity" />
48-->src\main\AndroidManifest.xml:35:9-65
48-->src\main\AndroidManifest.xml:35:19-63
49        <activity android:name="com.example.kallz2u.activites.LostActivity" />
49-->src\main\AndroidManifest.xml:36:9-59
49-->src\main\AndroidManifest.xml:36:19-57
50        <activity android:name="com.example.kallz2u.activites.COVID19Activity" />
50-->src\main\AndroidManifest.xml:37:9-62
50-->src\main\AndroidManifest.xml:37:19-60
51        <activity android:name="com.example.kallz2u.activites.unwellActivity" />
51-->src\main\AndroidManifest.xml:38:9-61
51-->src\main\AndroidManifest.xml:38:19-59
52        <activity android:name="com.example.kallz2u.activites.otherActivity" />
52-->src\main\AndroidManifest.xml:39:9-60
52-->src\main\AndroidManifest.xml:39:19-58
53        <activity
53-->src\main\AndroidManifest.xml:40:9-48:20
54            android:name="com.example.kallz2u.activites.SignInActivity"
54-->src\main\AndroidManifest.xml:41:13-53
55            android:exported="true" >
55-->src\main\AndroidManifest.xml:42:13-36
56            <intent-filter>
56-->src\main\AndroidManifest.xml:43:13-47:29
57                <action android:name="android.intent.action.MAIN" />
57-->src\main\AndroidManifest.xml:44:17-69
57-->src\main\AndroidManifest.xml:44:25-66
58
59                <category android:name="android.intent.category.LAUNCHER" />
59-->src\main\AndroidManifest.xml:46:17-77
59-->src\main\AndroidManifest.xml:46:27-74
60            </intent-filter>
61        </activity>
62        <activity android:name="com.example.kallz2u.activites.DashBoardActivity" />
62-->src\main\AndroidManifest.xml:49:9-64
62-->src\main\AndroidManifest.xml:49:19-62
63        <activity android:name="com.example.kallz2u.activites.Activity1" />
63-->src\main\AndroidManifest.xml:50:9-57
63-->src\main\AndroidManifest.xml:50:19-54
64        <activity android:name="com.example.kallz2u.activites.ThirdActivity" />
64-->src\main\AndroidManifest.xml:51:9-61
64-->src\main\AndroidManifest.xml:51:19-58
65        <activity android:name="com.example.kallz2u.activites.FifthActivity" />
65-->src\main\AndroidManifest.xml:52:9-61
65-->src\main\AndroidManifest.xml:52:19-58
66
67        <provider
67-->src\main\AndroidManifest.xml:53:9-61:20
68            android:name="androidx.core.content.FileProvider"
68-->src\main\AndroidManifest.xml:54:13-62
69            android:authorities="com.example.kallz2u.fileprovider"
69-->src\main\AndroidManifest.xml:55:13-67
70            android:exported="false"
70-->src\main\AndroidManifest.xml:56:13-37
71            android:grantUriPermissions="true" >
71-->src\main\AndroidManifest.xml:57:13-47
72            <meta-data
72-->src\main\AndroidManifest.xml:58:13-60:49
73                android:name="android.support.FILE_PROVIDER_PATHS"
73-->src\main\AndroidManifest.xml:59:17-67
74                android:resource="@xml/files" />
74-->src\main\AndroidManifest.xml:60:17-46
75        </provider>
76
77        <service
77-->src\main\AndroidManifest.xml:62:9-68:19
78            android:name="com.example.kallz2u.firebase.MessagingService"
78-->src\main\AndroidManifest.xml:63:13-73
79            android:exported="false" >
79-->src\main\AndroidManifest.xml:64:13-37
80            <intent-filter>
80-->src\main\AndroidManifest.xml:65:13-67:29
81                <action android:name="com.google.firebase.MESSAGING_EVENT" />
81-->src\main\AndroidManifest.xml:66:17-78
81-->src\main\AndroidManifest.xml:66:25-75
82            </intent-filter>
83        </service>
84
85        <activity android:name="com.zhihu.matisse.ui.MatisseActivity" />
85-->[com.zhihu.android:matisse:0.5.3-beta3] AndroidManifest.xml:28:9-73
85-->[com.zhihu.android:matisse:0.5.3-beta3] AndroidManifest.xml:28:19-70
86        <activity android:name="com.zhihu.matisse.internal.ui.AlbumPreviewActivity" />
86-->[com.zhihu.android:matisse:0.5.3-beta3] AndroidManifest.xml:29:9-87
86-->[com.zhihu.android:matisse:0.5.3-beta3] AndroidManifest.xml:29:19-84
87        <activity android:name="com.zhihu.matisse.internal.ui.SelectedPreviewActivity" />
87-->[com.zhihu.android:matisse:0.5.3-beta3] AndroidManifest.xml:30:9-90
87-->[com.zhihu.android:matisse:0.5.3-beta3] AndroidManifest.xml:30:19-87
88        <activity
88-->[com.google.firebase:firebase-auth:21.0.8] AndroidManifest.xml:27:9-44:20
89            android:name="com.google.firebase.auth.internal.GenericIdpActivity"
89-->[com.google.firebase:firebase-auth:21.0.8] AndroidManifest.xml:28:13-80
90            android:excludeFromRecents="true"
90-->[com.google.firebase:firebase-auth:21.0.8] AndroidManifest.xml:29:13-46
91            android:exported="true"
91-->[com.google.firebase:firebase-auth:21.0.8] AndroidManifest.xml:30:13-36
92            android:launchMode="singleTask"
92-->[com.google.firebase:firebase-auth:21.0.8] AndroidManifest.xml:31:13-44
93            android:theme="@android:style/Theme.Translucent.NoTitleBar" >
93-->[com.google.firebase:firebase-auth:21.0.8] AndroidManifest.xml:32:13-72
94            <intent-filter>
94-->[com.google.firebase:firebase-auth:21.0.8] AndroidManifest.xml:33:13-43:29
95                <action android:name="android.intent.action.VIEW" />
95-->[com.google.firebase:firebase-auth:21.0.8] AndroidManifest.xml:34:17-69
95-->[com.google.firebase:firebase-auth:21.0.8] AndroidManifest.xml:34:25-66
96
97                <category android:name="android.intent.category.DEFAULT" />
97-->[com.google.firebase:firebase-auth:21.0.8] AndroidManifest.xml:36:17-76
97-->[com.google.firebase:firebase-auth:21.0.8] AndroidManifest.xml:36:27-73
98                <category android:name="android.intent.category.BROWSABLE" />
98-->[com.google.firebase:firebase-auth:21.0.8] AndroidManifest.xml:37:17-78
98-->[com.google.firebase:firebase-auth:21.0.8] AndroidManifest.xml:37:27-75
99
100                <data
100-->[com.google.firebase:firebase-auth:21.0.8] AndroidManifest.xml:39:17-42:51
101                    android:host="firebase.auth"
101-->[com.google.firebase:firebase-auth:21.0.8] AndroidManifest.xml:40:21-49
102                    android:path="/"
102-->[com.google.firebase:firebase-auth:21.0.8] AndroidManifest.xml:41:21-37
103                    android:scheme="genericidp" />
103-->[com.google.firebase:firebase-auth:21.0.8] AndroidManifest.xml:42:21-48
104            </intent-filter>
105        </activity>
106        <activity
106-->[com.google.firebase:firebase-auth:21.0.8] AndroidManifest.xml:45:9-62:20
107            android:name="com.google.firebase.auth.internal.RecaptchaActivity"
107-->[com.google.firebase:firebase-auth:21.0.8] AndroidManifest.xml:46:13-79
108            android:excludeFromRecents="true"
108-->[com.google.firebase:firebase-auth:21.0.8] AndroidManifest.xml:47:13-46
109            android:exported="true"
109-->[com.google.firebase:firebase-auth:21.0.8] AndroidManifest.xml:48:13-36
110            android:launchMode="singleTask"
110-->[com.google.firebase:firebase-auth:21.0.8] AndroidManifest.xml:49:13-44
111            android:theme="@android:style/Theme.Translucent.NoTitleBar" >
111-->[com.google.firebase:firebase-auth:21.0.8] AndroidManifest.xml:50:13-72
112            <intent-filter>
112-->[com.google.firebase:firebase-auth:21.0.8] AndroidManifest.xml:51:13-61:29
113                <action android:name="android.intent.action.VIEW" />
113-->[com.google.firebase:firebase-auth:21.0.8] AndroidManifest.xml:34:17-69
113-->[com.google.firebase:firebase-auth:21.0.8] AndroidManifest.xml:34:25-66
114
115                <category android:name="android.intent.category.DEFAULT" />
115-->[com.google.firebase:firebase-auth:21.0.8] AndroidManifest.xml:36:17-76
115-->[com.google.firebase:firebase-auth:21.0.8] AndroidManifest.xml:36:27-73
116                <category android:name="android.intent.category.BROWSABLE" />
116-->[com.google.firebase:firebase-auth:21.0.8] AndroidManifest.xml:37:17-78
116-->[com.google.firebase:firebase-auth:21.0.8] AndroidManifest.xml:37:27-75
117
118                <data
118-->[com.google.firebase:firebase-auth:21.0.8] AndroidManifest.xml:39:17-42:51
119                    android:host="firebase.auth"
119-->[com.google.firebase:firebase-auth:21.0.8] AndroidManifest.xml:40:21-49
120                    android:path="/"
120-->[com.google.firebase:firebase-auth:21.0.8] AndroidManifest.xml:41:21-37
121                    android:scheme="recaptcha" />
121-->[com.google.firebase:firebase-auth:21.0.8] AndroidManifest.xml:42:21-48
122            </intent-filter>
123        </activity>
124
125        <service
125-->[com.google.firebase:firebase-auth:21.0.8] AndroidManifest.xml:64:9-70:19
126            android:name="com.google.firebase.components.ComponentDiscoveryService"
126-->[com.google.firebase:firebase-auth:21.0.8] AndroidManifest.xml:65:13-84
127            android:directBootAware="true"
127-->[com.google.firebase:firebase-common:20.1.2] AndroidManifest.xml:35:13-43
128            android:exported="false" >
128-->[com.google.firebase:firebase-auth:21.0.8] AndroidManifest.xml:66:13-37
129            <meta-data
129-->[com.google.firebase:firebase-auth:21.0.8] AndroidManifest.xml:67:13-69:85
130                android:name="com.google.firebase.components:com.google.firebase.auth.FirebaseAuthRegistrar"
130-->[com.google.firebase:firebase-auth:21.0.8] AndroidManifest.xml:68:17-109
131                android:value="com.google.firebase.components.ComponentRegistrar" />
131-->[com.google.firebase:firebase-auth:21.0.8] AndroidManifest.xml:69:17-82
132            <meta-data
132-->[com.google.firebase:firebase-database:20.0.6] AndroidManifest.xml:32:13-34:85
133                android:name="com.google.firebase.components:com.google.firebase.database.DatabaseRegistrar"
133-->[com.google.firebase:firebase-database:20.0.6] AndroidManifest.xml:33:17-109
134                android:value="com.google.firebase.components.ComponentRegistrar" />
134-->[com.google.firebase:firebase-database:20.0.6] AndroidManifest.xml:34:17-82
135            <meta-data
135-->[com.google.firebase:firebase-firestore:24.3.0] AndroidManifest.xml:20:13-22:85
136                android:name="com.google.firebase.components:com.google.firebase.firestore.FirestoreRegistrar"
136-->[com.google.firebase:firebase-firestore:24.3.0] AndroidManifest.xml:21:17-111
137                android:value="com.google.firebase.components.ComponentRegistrar" />
137-->[com.google.firebase:firebase-firestore:24.3.0] AndroidManifest.xml:22:17-82
138            <meta-data
138-->[com.google.firebase:firebase-messaging:23.0.8] AndroidManifest.xml:56:13-58:85
139                android:name="com.google.firebase.components:com.google.firebase.messaging.FirebaseMessagingRegistrar"
139-->[com.google.firebase:firebase-messaging:23.0.8] AndroidManifest.xml:57:17-119
140                android:value="com.google.firebase.components.ComponentRegistrar" />
140-->[com.google.firebase:firebase-messaging:23.0.8] AndroidManifest.xml:58:17-82
141            <meta-data
141-->[com.google.firebase:firebase-storage:20.0.2] AndroidManifest.xml:33:13-35:85
142                android:name="com.google.firebase.components:com.google.firebase.storage.StorageRegistrar"
142-->[com.google.firebase:firebase-storage:20.0.2] AndroidManifest.xml:34:17-107
143                android:value="com.google.firebase.components.ComponentRegistrar" />
143-->[com.google.firebase:firebase-storage:20.0.2] AndroidManifest.xml:35:17-82
144            <meta-data
144-->[com.google.firebase:firebase-datatransport:18.1.6] AndroidManifest.xml:28:13-30:85
145                android:name="com.google.firebase.components:com.google.firebase.datatransport.TransportRegistrar"
145-->[com.google.firebase:firebase-datatransport:18.1.6] AndroidManifest.xml:29:17-115
146                android:value="com.google.firebase.components.ComponentRegistrar" />
146-->[com.google.firebase:firebase-datatransport:18.1.6] AndroidManifest.xml:30:17-82
147            <meta-data
147-->[com.google.firebase:firebase-installations:17.0.2] AndroidManifest.xml:18:13-20:85
148                android:name="com.google.firebase.components:com.google.firebase.installations.FirebaseInstallationsRegistrar"
148-->[com.google.firebase:firebase-installations:17.0.2] AndroidManifest.xml:19:17-127
149                android:value="com.google.firebase.components.ComponentRegistrar" />
149-->[com.google.firebase:firebase-installations:17.0.2] AndroidManifest.xml:20:17-82
150        </service>
151
152        <receiver
152-->[com.google.firebase:firebase-messaging:23.0.8] AndroidManifest.xml:32:9-39:20
153            android:name="com.google.firebase.iid.FirebaseInstanceIdReceiver"
153-->[com.google.firebase:firebase-messaging:23.0.8] AndroidManifest.xml:33:13-78
154            android:exported="true"
154-->[com.google.firebase:firebase-messaging:23.0.8] AndroidManifest.xml:34:13-36
155            android:permission="com.google.android.c2dm.permission.SEND" >
155-->[com.google.firebase:firebase-messaging:23.0.8] AndroidManifest.xml:35:13-73
156            <intent-filter>
156-->[com.google.firebase:firebase-messaging:23.0.8] AndroidManifest.xml:36:13-38:29
157                <action android:name="com.google.android.c2dm.intent.RECEIVE" />
157-->[com.google.firebase:firebase-messaging:23.0.8] AndroidManifest.xml:37:17-81
157-->[com.google.firebase:firebase-messaging:23.0.8] AndroidManifest.xml:37:25-78
158            </intent-filter>
159        </receiver>
160        <!--
161             FirebaseMessagingService performs security checks at runtime,
162             but set to not exported to explicitly avoid allowing another app to call it.
163        -->
164        <service
164-->[com.google.firebase:firebase-messaging:23.0.8] AndroidManifest.xml:45:9-52:19
165            android:name="com.google.firebase.messaging.FirebaseMessagingService"
165-->[com.google.firebase:firebase-messaging:23.0.8] AndroidManifest.xml:46:13-82
166            android:directBootAware="true"
166-->[com.google.firebase:firebase-messaging:23.0.8] AndroidManifest.xml:47:13-43
167            android:exported="false" >
167-->[com.google.firebase:firebase-messaging:23.0.8] AndroidManifest.xml:48:13-37
168            <intent-filter android:priority="-500" >
168-->src\main\AndroidManifest.xml:65:13-67:29
169                <action android:name="com.google.firebase.MESSAGING_EVENT" />
169-->src\main\AndroidManifest.xml:66:17-78
169-->src\main\AndroidManifest.xml:66:25-75
170            </intent-filter>
171        </service>
172        <service
172-->[com.google.android.datatransport:transport-backend-cct:3.1.7] AndroidManifest.xml:29:9-35:19
173            android:name="com.google.android.datatransport.runtime.backends.TransportBackendDiscovery"
173-->[com.google.android.datatransport:transport-backend-cct:3.1.7] AndroidManifest.xml:30:13-103
174            android:exported="false" >
174-->[com.google.android.datatransport:transport-backend-cct:3.1.7] AndroidManifest.xml:31:13-37
175            <meta-data
175-->[com.google.android.datatransport:transport-backend-cct:3.1.7] AndroidManifest.xml:32:13-34:39
176                android:name="backend:com.google.android.datatransport.cct.CctBackendFactory"
176-->[com.google.android.datatransport:transport-backend-cct:3.1.7] AndroidManifest.xml:33:17-94
177                android:value="cct" />
177-->[com.google.android.datatransport:transport-backend-cct:3.1.7] AndroidManifest.xml:34:17-36
178        </service>
179        <service
179-->[com.google.android.datatransport:transport-runtime:3.1.7] AndroidManifest.xml:26:9-30:19
180            android:name="com.google.android.datatransport.runtime.scheduling.jobscheduling.JobInfoSchedulerService"
180-->[com.google.android.datatransport:transport-runtime:3.1.7] AndroidManifest.xml:27:13-117
181            android:exported="false"
181-->[com.google.android.datatransport:transport-runtime:3.1.7] AndroidManifest.xml:28:13-37
182            android:permission="android.permission.BIND_JOB_SERVICE" >
182-->[com.google.android.datatransport:transport-runtime:3.1.7] AndroidManifest.xml:29:13-69
183        </service>
184
185        <receiver
185-->[com.google.android.datatransport:transport-runtime:3.1.7] AndroidManifest.xml:32:9-34:40
186            android:name="com.google.android.datatransport.runtime.scheduling.jobscheduling.AlarmManagerSchedulerBroadcastReceiver"
186-->[com.google.android.datatransport:transport-runtime:3.1.7] AndroidManifest.xml:33:13-132
187            android:exported="false" />
187-->[com.google.android.datatransport:transport-runtime:3.1.7] AndroidManifest.xml:34:13-37
188
189        <provider
189-->[com.google.firebase:firebase-common:20.1.2] AndroidManifest.xml:26:9-31:39
190            android:name="com.google.firebase.provider.FirebaseInitProvider"
190-->[com.google.firebase:firebase-common:20.1.2] AndroidManifest.xml:27:13-77
191            android:authorities="com.example.kallz2u.firebaseinitprovider"
191-->[com.google.firebase:firebase-common:20.1.2] AndroidManifest.xml:28:13-72
192            android:directBootAware="true"
192-->[com.google.firebase:firebase-common:20.1.2] AndroidManifest.xml:29:13-43
193            android:exported="false"
193-->[com.google.firebase:firebase-common:20.1.2] AndroidManifest.xml:30:13-37
194            android:initOrder="100" />
194-->[com.google.firebase:firebase-common:20.1.2] AndroidManifest.xml:31:13-36
195
196        <activity
196-->[com.google.android.gms:play-services-base:18.0.1] AndroidManifest.xml:20:9-22:45
197            android:name="com.google.android.gms.common.api.GoogleApiActivity"
197-->[com.google.android.gms:play-services-base:18.0.1] AndroidManifest.xml:20:19-85
198            android:exported="false"
198-->[com.google.android.gms:play-services-base:18.0.1] AndroidManifest.xml:22:19-43
199            android:theme="@android:style/Theme.Translucent.NoTitleBar" />
199-->[com.google.android.gms:play-services-base:18.0.1] AndroidManifest.xml:21:19-78
200
201        <meta-data
201-->[com.google.android.gms:play-services-basement:18.1.0] AndroidManifest.xml:21:9-23:69
202            android:name="com.google.android.gms.version"
202-->[com.google.android.gms:play-services-basement:18.1.0] AndroidManifest.xml:22:13-58
203            android:value="@integer/google_play_services_version" />
203-->[com.google.android.gms:play-services-basement:18.1.0] AndroidManifest.xml:23:13-66
204    </application>
205
206</manifest>